  File.cpp
  FileSystem.cpp
  Screen.cpp
e:\projects\pubg\pubg\osa\graphics\gui\screen.h(4): fatal error C1083: Cannot open include file: 'SDL.h': No such file or directory
  Shader.cpp
e:\projects\pubg\pubg\osa\graphics\shader.h(7): fatal error C1083: Cannot open include file: 'SDL.h': No such file or directory
  Texture.cpp
e:\projects\pubg\pubg\osa\graphics\texture.h(4): fatal error C1083: Cannot open include file: 'SDL.h': No such file or directory
  Network.cpp
e:\projects\pubg\pubg\osa\network\network.h(3): fatal error C1083: Cannot open include file: 'SDL_net.h': No such file or directory
  Osa.cpp
e:\projects\pubg\pubg\osa\osa.h(5): fatal error C1083: Cannot open include file: 'SDL.h': No such file or directory
  FPS.cpp
  SplitString.cpp
e:\projects\pubg\pubg\osa\util\splitstring.cpp(12): warning C4996: 'strcpy': This function or variable may be unsafe. Consider using strcpy_s instead. To disable deprecation, use _CRT_SECURE_NO_WARNINGS. See online help for details.
  c:\program files (x86)\windows kits\10\include\10.0.17134.0\ucrt\string.h(133): note: see declaration of 'strcpy'
e:\projects\pubg\pubg\osa\util\splitstring.cpp(15): warning C4996: 'strtok': This function or variable may be unsafe. Consider using strtok_s instead. To disable deprecation, use _CRT_SECURE_NO_WARNINGS. See online help for details.
  c:\program files (x86)\windows kits\10\include\10.0.17134.0\ucrt\string.h(440): note: see declaration of 'strtok'
e:\projects\pubg\pubg\osa\util\splitstring.cpp(18): warning C4996: 'strtok': This function or variable may be unsafe. Consider using strtok_s instead. To disable deprecation, use _CRT_SECURE_NO_WARNINGS. See online help for details.
  c:\program files (x86)\windows kits\10\include\10.0.17134.0\ucrt\string.h(440): note: see declaration of 'strtok'
  PUBG.cpp
e:\projects\pubg\pubg\osa\osa.h(5): fatal error C1083: Cannot open include file: 'SDL.h': No such file or directory
  Dummy.cpp
  World.cpp
